[    0.000000] Initializing cgroup subsys cpuset
[    0.000000] Initializing cgroup subsys cpu
[    0.000000] Initializing cgroup subsys cpuacct
[    0.000000] Linux version 4.4.0-66-generic (buildd@lgw01-28) (gcc version 5.4.0 20160609 (Ubuntu 5.4.0-6ubuntu1~16.04.4) ) #87-Ubuntu SMP Fri Mar 3 15:29:05 UTC 2017 (Ubuntu 4.4.0-66.87-generic 4.4.44)
[    0.000000] Command line: BOOT_IMAGE=/boot/vmlinuz-4.4.0-66-generic root=LABEL=cloudimg-rootfs ro console=tty1 console=ttyS0
[    0.000000] KERNEL supported cpus:
[    0.000000]   Intel GenuineIntel
[    0.000000]   AMD AuthenticAMD
[    0.000000]   Centaur CentaurHauls
[    0.000000] x86/fpu: xstate_offset[2]:  576, xstate_sizes[2]:  256
[    0.000000] x86/fpu: Supporting XSAVE feature 0x01: 'x87 floating point registers'
[    0.000000] x86/fpu: Supporting XSAVE feature 0x02: 'SSE registers'
[    0.000000] x86/fpu: Supporting XSAVE feature 0x04: 'AVX registers'
[    0.000000] x86/fpu: Enabled xstate features 0x7, context size is 832 bytes, using 'standard' format.
[    0.000000] x86/fpu: Using 'lazy' FPU context switches.
[    0.000000] e820: BIOS-provided physical RAM map:
[    0.000000] BIOS-e820: [mem 0x0000000000000000-0x000000000009fbff] usable
[    0.000000] BIOS-e820: [mem 0x000000000009fc00-0x000000000009ffff] reserved
[    0.000000] BIOS-e820: [mem 0x00000000000f0000-0x00000000000fffff] reserved
[    0.000000] BIOS-e820: [mem 0x0000000000100000-0x000000001ffeffff] usable
[    0.000000] BIOS-e820: [mem 0x000000001fff0000-0x000000001fffffff] ACPI data
[    0.000000] BIOS-e820: [mem 0x00000000fec00000-0x00000000fec00fff] reserved
[    0.000000] BIOS-e820: [mem 0x00000000fee00000-0x00000000fee00fff] reserved
[    0.000000] BIOS-e820: [mem 0x00000000fffc0000-0x00000000ffffffff] reserved
[    0.000000] NX (Execute Disable) protection: active
[    0.000000] SMBIOS 2.5 present.
[    0.000000] Hypervisor detected: KVM
[    0.000000] e820: last_pfn = 0x1fff0 max_arch_pfn = 0x400000000
[    0.000000] MTRR: Disabled
[    0.000000] x86/PAT: MTRRs disabled, skipping PAT initialization too.
[    0.000000] x86/PAT: Configuration [0-7]: WB  WT  UC- UC  WB  WT  UC- UC  
[    0.000000] CPU MTRRs all blank - virtualized system.
[    0.000000] found SMP MP-table at [mem 0x0009fff0-0x0009ffff] mapped at [ffff88000009fff0]
[    0.000000] Scanning 1 areas for low memory corruption
[    0.000000] RAMDISK: [mem 0x1eca4000-0x1f737fff]
[    0.000000] ACPI: Early table checksum verification disabled
[    0.000000] ACPI: RSDP 0x00000000000E0000 000024 (v02 VBOX  )
[    0.000000] ACPI: XSDT 0x000000001FFF0030 00003C (v01 VBOX   VBOXXSDT 00000001 ASL  00000061)
[    0.000000] ACPI: FACP 0x000000001FFF00F0 0000F4 (v04 VBOX   VBOXFACP 00000001 ASL  00000061)
[    0.000000] ACPI: DSDT 0x000000001FFF0470 00210F (v01 VBOX   VBOXBIOS 00000002 INTL 20100528)
[    0.000000] ACPI: FACS 0x000000001FFF0200 000040
[    0.000000] ACPI: FACS 0x000000001FFF0200 000040
[    0.000000] ACPI: APIC 0x000000001FFF0240 000054 (v02 VBOX   VBOXAPIC 00000001 ASL  00000061)
[    0.000000] ACPI: SSDT 0x000000001FFF02A0 0001CC (v01 VBOX   VBOXCPUT 00000002 INTL 20100528)
[    0.000000] No NUMA configuration found
[    0.000000] Faking a node at [mem 0x0000000000000000-0x000000001ffeffff]
[    0.000000] NODE_DATA(0) allocated [mem 0x1ffeb000-0x1ffeffff]
[    0.000000] kvm-clock: Using msrs 4b564d01 and 4b564d00
[    0.000000] kvm-clock: cpu 0, msr 0:1ffe3001, primary cpu clock
[    0.000000] kvm-clock: using sched offset of 3186415404 cycles
[    0.000000] clocksource: kvm-clock: mask: 0xffffffffffffffff max_cycles: 0x1cd42e4dffb, max_idle_ns: 881590591483 ns
[    0.000000] Zone ranges:
[    0.000000]   DMA      [mem 0x0000000000001000-0x0000000000ffffff]
[    0.000000]   DMA32    [mem 0x0000000001000000-0x000000001ffeffff]
[    0.000000]   Normal   empty
[    0.000000]   Device   empty
[    0.000000] Movable zone start for each node
[    0.000000] Early memory node ranges
[    0.000000]   node   0: [mem 0x0000000000001000-0x000000000009efff]
[    0.000000]   node   0: [mem 0x0000000000100000-0x000000001ffeffff]
[    0.000000] Initmem setup node 0 [mem 0x0000000000001000-0x000000001ffeffff]
[    0.000000] ACPI: PM-Timer IO Port: 0x4008
[    0.000000] IOAPIC[0]: apic_id 1, version 32, address 0xfec00000, GSI 0-23
[    0.000000] ACPI: INT_SRC_OVR (bus 0 bus_irq 0 global_irq 2 dfl dfl)
[    0.000000] ACPI: INT_SRC_OVR (bus 0 bus_irq 9 global_irq 9 high level)
[    0.000000] Using ACPI (MADT) for SMP configuration information
[    0.000000] smpboot: Allowing 1 CPUs, 0 hotplug CPUs
[    0.000000] PM: Registered nosave memory: [mem 0x00000000-0x00000fff]
[    0.000000] PM: Registered nosave memory: [mem 0x0009f000-0x0009ffff]
[    0.000000] PM: Registered nosave memory: [mem 0x000a0000-0x000effff]
[    0.000000] PM: Registered nosave memory: [mem 0x000f0000-0x000fffff]
[    0.000000] e820: [mem 0x20000000-0xfebfffff] available for PCI devices
[    0.000000] Booting paravirtualized kernel on KVM
[    0.000000] clocksource: refined-jiffies: mask: 0xffffffff max_cycles: 0xffffffff, max_idle_ns: 7645519600211568 ns
[    0.000000] setup_percpu: NR_CPUS:512 nr_cpumask_bits:512 nr_cpu_ids:1 nr_node_ids:1
[    0.000000] PERCPU: Embedded 33 pages/cpu @ffff88001fc00000 s98264 r8192 d28712 u2097152
[    0.000000] PV qspinlock hash table entries: 256 (order: 0, 4096 bytes)
[    0.000000] Built 1 zonelists in Node order, mobility grouping on.  Total pages: 128889
[    0.000000] Policy zone: DMA32
[    0.000000] Kernel command line: BOOT_IMAGE=/boot/vmlinuz-4.4.0-66-generic root=LABEL=cloudimg-rootfs ro console=tty1 console=ttyS0
[    0.000000] PID hash table entries: 2048 (order: 2, 16384 bytes)
[    0.000000] Memory: 485796K/523832K available (8452K kernel code, 1293K rwdata, 3980K rodata, 1488K init, 1316K bss, 38036K reserved, 0K cma-reserved)
[    0.000000] SLUB: HWalign=64, Order=0-3, MinObjects=0, CPUs=1, Nodes=1
[    0.000000] Hierarchical RCU implementation.
[    0.000000] 	Build-time adjustment of leaf fanout to 64.
[    0.000000] 	RCU restricting CPUs from NR_CPUS=512 to nr_cpu_ids=1.
[    0.000000] RCU: Adjusting geometry for rcu_fanout_leaf=64, nr_cpu_ids=1
[    0.000000] NR_IRQS:33024 nr_irqs:256 16
[    0.000000] Console: colour VGA+ 80x25
[    0.000000] console [tty1] enabled
[    0.000000] console [ttyS0] enabled
[    0.000000] tsc: Detected 2594.088 MHz processor
[    0.710545] Calibrating delay loop (skipped) preset value.. 5188.17 BogoMIPS (lpj=10376352)
[    0.722331] pid_max: default: 32768 minimum: 301
[    0.737627] ACPI: Core revision 20150930
[    0.747539] ACPI: 2 ACPI AML tables successfully acquired and loaded
[    0.751015] Security Framework initialized
[    0.758935] Yama: becoming mindful.
[    0.776876] AppArmor: AppArmor initialized
[    0.790319] Dentry cache hash table entries: 65536 (order: 7, 524288 bytes)
[    0.799327] Inode-cache hash table entries: 32768 (order: 6, 262144 bytes)
[    0.802865] Mount-cache hash table entries: 1024 (order: 1, 8192 bytes)
[    0.826513] Mountpoint-cache hash table entries: 1024 (order: 1, 8192 bytes)
[    0.835060] Initializing cgroup subsys io
[    0.836490] Initializing cgroup subsys memory
[    0.838164] Initializing cgroup subsys devices
[    0.846835] Initializing cgroup subsys freezer
[    0.848494] Initializing cgroup subsys net_cls
[    0.850350] Initializing cgroup subsys perf_event
[    0.851995] Initializing cgroup subsys net_prio
[    0.862255] Initializing cgroup subsys hugetlb
[    0.868176] Initializing cgroup subsys pids
[    0.870131] CPU: Physical Processor ID: 0
[    0.872884] mce: CPU supports 0 MCE banks
[    0.875088] process: using mwait in idle threads
[    0.877477] Last level iTLB entries: 4KB 512, 2MB 8, 4MB 8
[    0.881592] Last level dTLB entries: 4KB 512, 2MB 32, 4MB 32, 1GB 0
[    0.915019] Freeing SMP alternatives memory: 32K (ffffffff820b9000 - ffffffff820c1000)
[    0.941659] ftrace: allocating 32123 entries in 126 pages
[    1.017040] smpboot: APIC(0) Converting physical 0 to logical package 0
[    1.029217] smpboot: Max logical packages: 1
[    1.042236] x2apic enabled
[    1.062931] Switched APIC routing to physical x2apic.
[    1.065758] ..TIMER: vector=0x30 apic1=0 pin1=2 apic2=-1 pin2=-1
[    1.188559] smpboot: CPU0: Intel(R) Core(TM) i5-3230M CPU @ 2.60GHz (family: 0x6, model: 0x3a, stepping: 0x9)
[    1.202235] Performance Events: unsupported p6 CPU model 58 no PMU driver, software events only.
[    1.212173] KVM setup paravirtual spinlock
[    1.214214] x86: Booted up 1 node, 1 CPUs
[    1.216988] smpboot: Total of 1 processors activated (5188.17 BogoMIPS)
[    1.219234] devtmpfs: initialized
[    1.223569] evm: security.selinux
[    1.234434] evm: security.SMACK64
[    1.246414] evm: security.SMACK64EXEC
[    1.261271] evm: security.SMACK64TRANSMUTE
[    1.262455] evm: security.SMACK64MMAP
[    1.276191] evm: security.ima
[    1.285556] evm: security.capability
[    1.287040] clocksource: jiffies: mask: 0xffffffff max_cycles: 0xffffffff, max_idle_ns: 7645041785100000 ns
[    1.292196] pinctrl core: initialized pinctrl subsystem
[    1.299375] RTC time: 12:57:28, date: 03/08/17
[    1.317008] NET: Registered protocol family 16
[    1.324244] cpuidle: using governor ladder
[    1.386035] cpuidle: using governor menu
[    1.401929] PCCT header not found.
[    1.409227] ACPI: bus type PCI registered
[    1.419285] acpiphp: ACPI Hot Plug PCI Controller Driver version: 0.5
[    1.449533] PCI: Using configuration type 1 for base access
[    1.476936] ACPI: Added _OSI(Module Device)
[    1.485571] ACPI: Added _OSI(Processor Device)
[    1.491213] ACPI: Added _OSI(3.0 _SCP Extensions)
[    1.508436] ACPI: Added _OSI(Processor Aggregator Device)
[    1.520685] ACPI: Executed 1 blocks of module-level executable AML code
[    1.545056] ACPI: Interpreter enabled
[    1.552283] ACPI: (supports S0 S5)
[    1.578615] ACPI: Using IOAPIC for interrupt routing
[    1.587674] PCI: Using host bridge windows from ACPI; if necessary, use "pci=nocrs" and report a bug
[    1.600740] ACPI: PCI Root Bridge [PCI0] (domain 0000 [bus 00-ff])
[    1.624822] acpi PNP0A03:00: _OSC: OS supports [ASPM ClockPM Segments MSI]
[    1.635162] acpi PNP0A03:00: _OSC failed (AE_NOT_FOUND); disabling ASPM
[    1.636838] acpi PNP0A03:00: fail to add MMCONFIG information, can't access extended PCI configuration space under this bridge.
[    1.669526] PCI host bridge to bus 0000:00
[    1.683589] pci_bus 0000:00: root bus resource [io  0x0000-0x0cf7 window]
[    1.692723] pci_bus 0000:00: root bus resource [io  0x0d00-0xffff window]
[    1.722949] pci_bus 0000:00: root bus resource [mem 0x000a0000-0x000bffff window]
[    1.762036] pci_bus 0000:00: root bus resource [mem 0x20000000-0xffdfffff window]
[    1.764078] pci_bus 0000:00: root bus resource [bus 00-ff]
[    1.768672] pci 0000:00:01.1: legacy IDE quirk: reg 0x10: [io  0x01f0-0x01f7]
[    1.817574] pci 0000:00:01.1: legacy IDE quirk: reg 0x14: [io  0x03f6]
[    1.832316] pci 0000:00:01.1: legacy IDE quirk: reg 0x18: [io  0x0170-0x0177]
[    1.866730] pci 0000:00:01.1: legacy IDE quirk: reg 0x1c: [io  0x0376]
[    1.886363] pci 0000:00:07.0: quirk: [io  0x4000-0x403f] claimed by PIIX4 ACPI
[    1.902814] pci 0000:00:07.0: quirk: [io  0x4100-0x410f] claimed by PIIX4 SMB
[    1.928929] ACPI: PCI Interrupt Link [LNKA] (IRQs 5 9 10 *11)
[    1.966171] ACPI: PCI Interrupt Link [LNKB] (IRQs 5 9 10 *11)
[    2.016123] ACPI: PCI Interrupt Link [LNKC] (IRQs 5 9 *10 11)
[    2.033555] ACPI: PCI Interrupt Link [LNKD] (IRQs 5 *9 10 11)
[    2.087474] ACPI: Enabled 2 GPEs in block 00 to 07
[    2.116083] vgaarb: setting as boot device: PCI:0000:00:02.0
[    2.125054] vgaarb: device added: PCI:0000:00:02.0,decodes=io+mem,owns=io+mem,locks=none
[    2.137263] vgaarb: loaded
[    2.162064] vgaarb: bridge control possible 0000:00:02.0
[    2.174836] SCSI subsystem initialized
[    2.202239] ACPI: bus type USB registered
[    2.208838] usbcore: registered new interface driver usbfs
[    2.241469] usbcore: registered new interface driver hub
[    2.254456] usbcore: registered new device driver usb
[    2.274640] PCI: Using ACPI for IRQ routing
[    2.284748] NetLabel: Initializing
[    2.324018] NetLabel:  domain hash size = 128
[    2.336122] NetLabel:  protocols = UNLABELED CIPSOv4
[    2.339318] NetLabel:  unlabeled traffic allowed by default
[    2.355480] amd_nb: Cannot enumerate AMD northbridges
[    2.379134] clocksource: Switched to clocksource kvm-clock
[    2.404549] AppArmor: AppArmor Filesystem Enabled
[    2.415393] pnp: PnP ACPI init
[    2.437078] pnp: PnP ACPI: found 3 devices
[    2.447889] clocksource: acpi_pm: mask: 0xffffff max_cycles: 0xffffff, max_idle_ns: 2085701024 ns
[    2.456280] NET: Registered protocol family 2
[    2.466213] TCP established hash table entries: 4096 (order: 3, 32768 bytes)
[    2.478717] TCP bind hash table entries: 4096 (order: 4, 65536 bytes)
[    2.487835] TCP: Hash tables configured (established 4096 bind 4096)
[    2.489245] UDP hash table entries: 256 (order: 1, 8192 bytes)
[    2.497613] UDP-Lite hash table entries: 256 (order: 1, 8192 bytes)
[    2.505922] NET: Registered protocol family 1
[    2.514371] pci 0000:00:00.0: Limiting direct PCI/PCI transfers
[    2.531446] pci 0000:00:01.0: Activating ISA DMA hang workarounds
[    2.540755] Trying to unpack rootfs image as initramfs...
[    4.603131] Freeing initrd memory: 10832K (ffff88001eca4000 - ffff88001f738000)
[    4.607238] RAPL PMU detected, API unit is 2^-32 Joules, 3 fixed counters 10737418240 ms ovfl timer
[    4.620764] hw unit of domain pp0-core 2^-0 Joules
[    4.627588] hw unit of domain package 2^-0 Joules
[    4.637287] hw unit of domain pp1-gpu 2^-0 Joules
[    4.646849] platform rtc_cmos: registered platform RTC device (no PNP device found)
[    4.648570] Scanning for low memory corruption every 60 seconds
[    4.664275] futex hash table entries: 256 (order: 2, 16384 bytes)
[    4.684565] audit: initializing netlink subsys (disabled)
[    4.691513] audit: type=2000 audit(1488977854.790:1): initialized
[    4.699864] Initialise system trusted keyring
[    4.708737] HugeTLB registered 2 MB page size, pre-allocated 0 pages
[    4.724494] zbud: loaded
[    4.725659] VFS: Disk quotas dquot_6.6.0
[    4.728226] VFS: Dquot-cache hash table entries: 512 (order 0, 4096 bytes)
[    4.754841] squashfs: version 4.0 (2009/01/31) Phillip Lougher
[    4.762565] fuse init (API version 7.23)
[    4.769365] Key type big_key registered
[    4.776765] Allocating IMA MOK and blacklist keyrings.
[    4.786634] Key type asymmetric registered
[    4.802948] Asymmetric key parser 'x509' registered
[    4.818788] Block layer SCSI generic (bsg) driver version 0.4 loaded (major 249)
[    4.833558] io scheduler noop registered
[    4.834740] io scheduler deadline registered (default)
[    4.836105] io scheduler cfq registered
[    4.845951] pci_hotplug: PCI Hot Plug PCI Core version: 0.5
[    4.854305] pciehp: PCI Express Hot Plug Controller Driver version: 0.4
[    4.865025] ACPI: AC Adapter [AC] (on-line)
[    4.872823] input: Power Button as /devices/LNXSYSTM:00/LNXPWRBN:00/input/input0
[    4.876509] ACPI: Power Button [PWRF]
[    4.879240] input: Sleep Button as /devices/LNXSYSTM:00/LNXSLPBN:00/input/input1
[    4.886795] ACPI: Sleep Button [SLPF]
[    4.896356] ACPI: Battery Slot [BAT0] (battery present)
[    4.899492] GHES: HEST is not enabled!
[    4.900485] Serial: 8250/16550 driver, 32 ports, IRQ sharing enabled
[    4.924917] 00:02: ttyS0 at I/O 0x3f8 (irq = 4, base_baud = 115200) is a 16550A
[    4.940212] Linux agpgart interface v0.103
[    4.965707] brd: module loaded
[    4.977325] loop: module loaded
[    4.987315] scsi host0: ata_piix
[    4.993162] scsi host1: ata_piix
[    4.999646] ata1: PATA max UDMA/33 cmd 0x1f0 ctl 0x3f6 bmdma 0xd000 irq 14
[    5.010644] ata2: PATA max UDMA/33 cmd 0x170 ctl 0x376 bmdma 0xd008 irq 15
[    5.019696] libphy: Fixed MDIO Bus: probed
[    5.024283] tun: Universal TUN/TAP device driver, 1.6
[    5.032366] tun: (C) 1999-2004 Max Krasnyansky <maxk@qualcomm.com>
[    5.037355] PPP generic driver version 2.4.2
[    5.072394] ehci_hcd: USB 2.0 'Enhanced' Host Controller (EHCI) Driver
[    5.080780] ehci-pci: EHCI PCI platform driver
[    5.082299] ehci-platform: EHCI generic platform driver
[    5.090242] ohci_hcd: USB 1.1 'Open' Host Controller (OHCI) Driver
[    5.100974] ohci-pci: OHCI PCI platform driver
[    5.114665] ohci-platform: OHCI generic platform driver
[    5.116450] uhci_hcd: USB Universal Host Controller Interface driver
[    5.120097] i8042: PNP: PS/2 Controller [PNP0303:PS2K,PNP0f03:PS2M] at 0x60,0x64 irq 1,12
[    5.122872] serio: i8042 KBD port at 0x60,0x64 irq 1
[    5.154431] serio: i8042 AUX port at 0x60,0x64 irq 12
[    5.157466] mousedev: PS/2 mouse device common for all mice
[    5.165669] input: AT Translated Set 2 keyboard as /devices/platform/i8042/serio0/input/input2
[    5.178208] rtc_cmos rtc_cmos: rtc core: registered rtc_cmos as rtc0
[    5.214120] rtc_cmos rtc_cmos: alarms up to one day, 114 bytes nvram
[    5.224203] i2c /dev entries driver
[    5.241372] device-mapper: uevent: version 1.0.3
[    5.242904] device-mapper: ioctl: 4.34.0-ioctl (2015-10-28) initialised: dm-devel@redhat.com
[    5.251637] ledtrig-cpu: registered to indicate activity on CPUs
[    5.259776] NET: Registered protocol family 10
[    5.266605] NET: Registered protocol family 17
[    5.275164] Key type dns_resolver registered
[    5.276595] microcode: CPU0 sig=0x306a9, pf=0x2, revision=0x19
[    5.294736] microcode: Microcode Update Driver: v2.01 <tigran@aivazian.fsnet.co.uk>, Peter Oruba
[    5.307137] registered taskstats version 1
[    5.322037] Loading compiled-in X.509 certificates
[    5.336491] Loaded X.509 cert 'Build time autogenerated kernel key: 32ca4feee90b5cde51f5f8c0e024b22f8c679982'
[    5.340735] zswap: loaded using pool lzo/zbud
[    5.402808] Key type trusted registered
[    5.408554] Key type encrypted registered
[    5.415036] AppArmor: AppArmor sha1 policy hashing enabled
[    5.428893] ima: No TPM chip found, activating TPM-bypass!
[    5.453198] evm: HMAC attrs: 0x1
[    5.475454]   Magic number: 9:296:986
[    5.485221] rtc_cmos rtc_cmos: setting system clock to 2017-03-08 12:57:32 UTC (1488977852)
[    5.499771] BIOS EDD facility v0.16 2004-Jun-25, 0 devices found
[    5.506449] EDD information not available.
[    5.515467] Freeing unused kernel memory: 1488K (ffffffff81f45000 - ffffffff820b9000)
[    5.524261] Write protecting the kernel read-only data: 14336k
[    5.533626] Freeing unused kernel memory: 1776K (ffff880001844000 - ffff880001a00000)
[    5.554767] Freeing unused kernel memory: 116K (ffff880001de3000 - ffff880001e00000)
Loading, please wait...
starting version[    5.577598] random: udevadm: uninitialized urandom read (16 bytes read, 3 bits of entropy available)
 229
[    5.593702] random: systemd-udevd: uninitialized urandom read (16 bytes read, 3 bits of entropy available)
[    5.599388] random: systemd-udevd: uninitialized urandom read (16 bytes read, 3 bits of entropy available)
[    5.623234] random: udevadm: uninitialized urandom read (16 bytes read, 3 bits of entropy available)
[    5.634749] random: systemd-udevd: uninitialized urandom read (16 bytes read, 3 bits of entropy available)
[    5.676911] tsc: Refined TSC clocksource calibration: 2592.289 MHz
[    5.680547] clocksource: tsc: mask: 0xffffffffffffffff max_cycles: 0x255dc7cff84, max_idle_ns: 440795298645 ns
[    5.694408] random: udevadm: uninitialized urandom read (16 bytes read, 3 bits of entropy available)
[    5.712620] random: udevadm: uninitialized urandom read (16 bytes read, 3 bits of entropy available)
[    5.762465] random: systemd-udevd: uninitialized urandom read (16 bytes read, 3 bits of entropy available)
[    5.800857] random: udevadm: uninitialized urandom read (16 bytes read, 3 bits of entropy available)
[    5.832014] random: udevadm: uninitialized urandom read (16 bytes read, 3 bits of entropy available)
[    5.898422] e1000: Intel(R) PRO/1000 Network Driver - version 7.3.21-k8-NAPI
[    5.907382] e1000: Copyright (c) 1999-2006 Intel Corporation.
[    5.955915] Fusion MPT base driver 3.04.20
[    5.965939] Copyright (c) 1999-2008 LSI Corporation
[    6.013524] AVX version of gcm_enc/dec engaged.
[    6.028571] AES CTR mode by8 optimization enabled
[    6.182094] Fusion MPT SPI Host driver 3.04.20
[    6.228113] input: ImExPS/2 Generic Explorer Mouse as /devices/platform/i8042/serio1/input/input4
[    6.628413] e1000 0000:00:03.0 eth0: (PCI:33MHz:32-bit) 02:43:fc:58:af:9d
[    6.641154] e1000 0000:00:03.0 eth0: Intel(R) PRO/1000 Network Connection
[    6.645675] mptbase: ioc0: Initiating bringup
[    6.707614] ioc0: LSI53C1030 A0: Capabilities={Initiator}
[    6.892685] scsi host2: ioc0: LSI53C1030 A0, FwRev=00000000h, Ports=1, MaxQ=256, IRQ=20
[    7.013261] scsi 2:0:0:0: Direct-Access     VBOX     HARDDISK         1.0  PQ: 0 ANSI: 5
[    7.024284] scsi target2:0:0: Beginning Domain Validation
[    7.026919] scsi target2:0:0: Domain Validation skipping write tests
[    7.030022] scsi target2:0:0: Ending Domain Validation
[    7.037826] scsi target2:0:0: asynchronous
[    7.083433] scsi 2:0:1:0: Direct-Access     VBOX     HARDDISK         1.0  PQ: 0 ANSI: 5
[    7.121748] scsi target2:0:1: Beginning Domain Validation
[    7.176508] scsi target2:0:1: Domain Validation skipping write tests
[    7.185199] scsi target2:0:1: Ending Domain Validation
[    7.201058] scsi target2:0:1: asynchronous
[    7.368445] sd 2:0:0:0: Attached scsi generic sg0 type 0
[    7.373886] sd 2:0:0:0: [sda] 20971520 512-byte logical blocks: (10.7 GB/10.0 GiB)
[    7.388325] sd 2:0:1:0: Attached scsi generic sg1 type 0
[    7.392512] sd 2:0:1:0: [sdb] 20480 512-byte logical blocks: (10.5 MB/10.0 MiB)
[    7.442360] sd 2:0:0:0: [sda] Write Protect is off
[    7.475707] sd 2:0:0:0: [sda] Incomplete mode parameter data
[    7.485068] sd 2:0:0:0: [sda] Assuming drive cache: write through
[    7.486742] sd 2:0:1:0: [sdb] Write Protect is off
[    7.499018] sd 2:0:1:0: [sdb] Incomplete mode parameter data
[    7.501889] sd 2:0:1:0: [sdb] Assuming drive cache: write through
[    7.519817]  sda: sda1
[    7.537563] sd 2:0:0:0: [sda] Attached SCSI disk
[    7.554570] sd 2:0:1:0: [sdb] Attached SCSI disk
[    7.648777] e1000 0000:00:08.0 eth1: (PCI:33MHz:32-bit) 08:00:27:5a:a8:7e
[    7.667315] e1000 0000:00:08.0 eth1: Intel(R) PRO/1000 Network Connection
[    7.676668] e1000 0000:00:08.0 enp0s8: renamed from eth1
[    7.689174] e1000 0000:00:03.0 enp0s3: renamed from eth0
[    9.079567] floppy0: no floppy controllers found
Begin: Loading essential drivers ... [   10.472420] md: linear personality registered for level -1
[   10.488384] md: multipath personality registered for level -4
[   10.503809] md: raid0 personality registered for level 0
[   10.518233] md: raid1 personality registered for level 1
[   10.599183] raid6: sse2x1   gen()  5897 MB/s
[   10.671443] raid6: sse2x1   xor()  2710 MB/s
[   10.747370] raid6: sse2x2   gen()  2031 MB/s
[   10.831180] raid6: sse2x2   xor()  5447 MB/s
[   10.911166] raid6: sse2x4   gen()  9412 MB/s
[   10.987252] raid6: sse2x4   xor()  6811 MB/s
[   10.991762] raid6: using algorithm sse2x4 gen() 9412 MB/s
[   11.008484] raid6: .... xor() 6811 MB/s, rmw enabled
[   11.014755] raid6: using ssse3x2 recovery algorithm
[   11.021810] xor: automatically using best checksumming function:
[   11.067192]    avx       : 20664.000 MB/sec
[   11.071805] async_tx: api initialized (async)
[   11.097626] md: raid6 personality registered for level 6
[   11.105196] md: raid5 personality registered for level 5
[   11.106714] md: raid4 personality registered for level 4
[   11.120776] md: raid10 personality registered for level 10
done.
Begin: Running /scripts/init-premount ... done.
Begin: Mounting root file system ... Begin: Running /scripts/local-top ... done.
Begin: Running /scripts/local-premount ... [   11.182295] Btrfs loaded
Scanning for Btrfs filesystems
done.
Warning: fsck not present, so skipping root file system
[   11.258742] EXT4-fs (sda1): mounted filesystem with ordered data mode. Opts: (null)
done.
Begin: Running /scripts/local-bottom ... done.
Begin: Running /scripts/init-bottom ... done.
[   11.368875] systemd[1]: systemd 229 running in system mode. (+PAM +AUDIT +SELINUX +IMA +APPARMOR +SMACK +SYSVINIT +UTMP +LIBCRYPTSETUP +GCRYPT +GNUTLS +ACL +XZ -LZ4 +SECCOMP +BLKID +ELFUTILS +KMOD -IDN)
[   11.380711] systemd[1]: Detected virtualization oracle.
[   11.382631] systemd[1]: Detected architecture x86-64.

Welcome to [1mUbuntu 16.04.2 LTS[0m!

[   11.417916] systemd[1]: Set hostname to <ubuntu>.
[   11.425786] systemd[1]: Initializing machine ID from random generator.
[   11.431698] systemd[1]: Installed transient /etc/machine-id file.
[   11.563863] systemd[1]: Listening on LVM2 poll daemon socket.
[[0;32m  OK  [0m] Listening on LVM2 poll daemon socket.
[   11.600128] systemd[1]: Created slice User and Session Slice.
[[0;32m  OK  [0m] Created slice User and Session Slice.
[   11.635689] systemd[1]: Reached target User and Group Name Lookups.
[[0;32m  OK  [0m] Reached target User and Group Name Lookups.
[   11.687291] systemd[1]: Listening on Journal Socket.
[[0;32m  OK  [0m] Listening on Journal Socket.
[   11.700427] systemd[1]: Listening on Syslog Socket.
[[0;32m  OK  [0m] Listening on Syslog Socket.
[   11.731751] systemd[1]: Started Forward Password Requests to Wall Directory Watch.
[[0;32m  OK  [0m] Started Forward Password Requests to Wall Directory Watch.
[   11.751461] systemd[1]: Listening on /dev/initctl Compatibility Named Pipe.
[[0;32m  OK  [0m] Listening on /dev/initctl Compatibility Named Pipe.
[   11.770071] systemd[1]: Listening on LVM2 metadata daemon socket.
[[0;32m  OK  [0m] Listening on LVM2 metadata daemon socket.
[   11.776322] systemd[1]: Reached target Encrypted Volumes.
[[0;32m  OK  [0m] Reached target Encrypted Volumes.
[   11.784719] systemd[1]: Listening on udev Control Socket.
[[0;32m  OK  [0m] Listening on udev Control Socket.
[   11.797107] systemd[1]: Reached target Swap.
[[0;32m  OK  [0m] Reached target Swap.
[   11.808261] systemd[1]: Set up automount Arbitrary Executable File Formats File System Automount Point.
[[0;32m  OK  [0m] Set up automount Arbitrary Executab...ats File System Automount Point.
[   11.837623] systemd[1]: Listening on Journal Socket (/dev/log).
[[0;32m  OK  [0m] Listening on Journal Socket (/dev/log).
[   11.862345] systemd[1]: Listening on Journal Audit Socket.
[[0;32m  OK  [0m] Listening on Journal Audit Socket.
[   11.889891] systemd[1]: Listening on udev Kernel Socket.
[[0;32m  OK  [0m] Listening on udev Kernel Socket.
[   11.910893] systemd[1]: Created slice System Slice.
[[0;32m  OK  [0m] Created slice System Slice.
[   11.942014] systemd[1]: Created slice system-serial\x2dgetty.slice.
[[0;32m  OK  [0m] Created slice system-serial\x2dgetty.slice.
[   11.988742] systemd[1]: Starting Create list of required static device nodes for the current kernel...
         Starting Create list of required st... nodes for the current kernel...
[   12.040538] systemd[1]: Starting Uncomplicated firewall...
         Starting Uncomplicated firewall...
[   12.069566] systemd[1]: Starting Set console keymap...
         Starting Set console keymap...
[   12.096452] systemd[1]: Starting Journal Service...
         Starting Journal Service...
[   12.144972] systemd[1]: Mounting POSIX Message Queue File System...
         Mounting POSIX Message Queue File System...
[   12.202905] systemd[1]: Starting Nameserver information manager...
         Starting Nameserver information manager...
[   12.252967] systemd[1]: Mounting Huge Pages File System...
         Mounting Huge Pages File System...
[   12.292901] systemd[1]: Mounting Debug File System...
         Mounting Debug File System...
[   12.373111] systemd[1]: Starting Remount Root and Kernel File Systems...
         [   12.408284] EXT4-fs (sda1): re-mounted. Opts: (null)
Starting Remount Root and Kernel File Systems...
[   12.452673] systemd[1]: Reached target Slices.
[[0;32m  OK  [0m] Reached target Slices.
[   12.462305] systemd[1]: Listening on Device-mapper event daemon FIFOs.
[[0;32m  OK  [0m] Listening on Device-mapper event daemon FIFOs.
[   12.500350] systemd[1]: Starting Monitoring of LVM2 mirrors, snapshots etc. using dmeventd or progress polling...
         Starting Monitoring of LVM2 mirrors... dmeventd or progress polling...
[   12.544903] systemd[1]: Starting Load Kernel Modules...
         Starting Load Kernel Modules...
[   12.566287] systemd[1]: Mounted Debug File System.
[   12.576893] Loading iSCSI transport class v2.0-870.
[[0;32m  OK  [0m] Mounted Debug File System.
[   12.590530] systemd[1]: Mounted POSIX Message Queue File System.
[[0;32m  OK  [0[   12.618769] iscsi: registered transport (tcp)
m] Mounted POSIX Message Queue File System.
[   12.645127] systemd[1]: Mounted Huge Pages File System.
[[0;32m  OK  [0m] Mounted Huge Pages File System.
[   12.684520] systemd[1]: Started Journal Service.
[[0;32m  OK  [0m] Started Journal Service.
[[0;32m  OK  [0m] Started Create list of required sta...ce nodes for the current kernel.
[[0;32m  OK  [0[   12.734016] iscsi: registered transport (iser)
m] Started Uncomplicated firewall.
[[0;32m  OK  [0m] Started Set console keymap.
[[0;32m  OK  [0m] Started Remount Root and Kernel File Systems.
[[0;32m  OK  [0m] Started Load Kernel Modules.
[[   12.823762] random: nonblocking pool is initialized
[0;32m  OK  [0m] Started Nameserver information manager.
[[0;32m  OK  [0m] Started LVM2 metadata daemon.
         Starting Apply Kernel Variables...
         Mounting FUSE Control File System...
         Starting Load/Save Random Seed...
         Starting Initial cloud-init job (pre-networking)...
         Starting udev Coldplug all Devices...
         Starting Create Static Device Nodes in /dev...
         Starting Flush Journal to Persistent Storage...
[[0;32m  OK  [0m] Mounted FUSE Control File System.
[[0;32m  OK  [0m] Started Apply Kernel Variables.
[[0;32m  OK  [0m] Started Load/Save Random Seed.
[[0;32m  OK  [0m] Started Create Static Device Nodes in /dev.
[[0;32m  OK  [0m] Started udev Coldplug all Devices.
[[0;32m  OK  [0m] Started Flush Journal to Persistent Storage.
         Starting udev Kernel Device Manager...
[[0;32m  OK  [0m] Started udev Kernel Device Manager.
[[0;32m  OK  [0m] Started Dispatch Password Requests to Console Directory Watch.
[[0;32m  OK  [0m] Started Monitoring of LVM2 mirrors,...ng dmeventd or progress polling.
[[0;32m  OK  [0m] Reached target Local File Systems (Pre).
[[0;32m  OK  [0m] Reached target Local File Systems.
         Starting Tell Plymouth To Write Out Runtime Data...
         Starting Commit a transient machine-id on disk...
         Starting Create Volatile Files and Directories...
         Starting LSB: AppArmor initialization...
         Starting Set console font and keymap...
[[0;32m  OK  [0m] Started Tell Plymouth To Write Out Runtime Data.
[[0;32m  OK  [0m] Started Commit a transient machine-id on disk.
[[0;32m  OK  [0m] Started Create Volatile Files and Directories.
[[0;32m  OK  [0m] Reached target System Time Synchronized.
         Starting Update UTMP about System Boot/Shutdown...
[[0;32m  OK  [0m] Started Update UTMP about System Boot/Shutdown.
[[0;32m  OK  [0m] Found device /dev/ttyS0.
[   14.107310] cloud-init[477]: Cloud-init v. 0.7.9 running 'init-local' at Wed, 08 Mar 2017 12:57:41 +0000. Up 12.98 seconds.
[[0;32m  OK  [0m] Started Initial cloud-init job (pre-networking).
[[0;32m  OK  [0m] Reached target Network (Pre).
[[0;32m  OK  [0m] Listening on Load/Save RF Kill Switch Status /dev/rfkill Watch.
[[0;32m  OK  [0m] Started LSB: AppArmor initialization.
         Starting Raise network interfaces...
[[0;32m  OK  [0m] Started Set console font and keymap.
[[0;32m  OK  [0m] Created slice system-getty.slice.
[[0;32m  OK  [0m] Started Raise network interfaces.
         Starting Initial cloud-init job (metadata service crawler)...
[[0;32m  OK  [0m] Reached target Network.
[   16.651167] cloud-init[1067]: Cloud-init v. 0.7.9 running 'init' at Wed, 08 Mar 2017 12:57:44 +0000. Up 16.11 seconds.
[   16.697505] cloud-init[1067]: ci-info: ++++++++++++++++++++++++++++++++++++++Net device info++++++++++++++++++++++++++++++++++++++
[   16.732490] cloud-init[1067]: ci-info: +--------+-------+----------------------------+---------------+-------+-------------------+
[   16.767110] cloud-init[1067]: ci-info: | Device |   Up  |          Address           |      Mask     | Scope |     Hw-Address    |
[[0;32m  OK  [0m] Started Initial cloud-init job (metadata service crawler).
[   16.803802] cloud-init[1067]: ci-info: +--------+-------+----------------------------+---------------+-------+-------------------+
[   16.841027] cloud-init[1067]: ci-info: |   lo   |  True |         127.0.0.1          |   255.0.0.0   |   .   |         .         |
[   16.872653] cloud-init[1067]: ci-info: |   lo   |  True |          ::1/128           |       .       |  host |         .         |
[[0;32m  OK  [0m[   16.944379] cloud-init[1067]: ci-info: | enp0s8 | False |             .              |       .       |   .   | 08:00:27:5a:a8:7e |
[   16.944440] cloud-init[1067]: ci-info: | enp0s3 |  True |         10.0.2.15          | 255.255.255.0 |   .   | 02:43:fc:58:af:9d |
[   16.944483] cloud-init[1067]: ci-info: | enp0s3 |  True | fe80::43:fcff:fe58:af9d/64 |       .       |  link | 02:43:fc:58:af:9d |
[   16.944525] cloud-init[1067]: ci-info: +--------+-------+----------------------------+---------------+-------+-------------------+
[   16.944575] cloud-init[1067]: ci-info: +++++++++++++++++++++++++++Route IPv4 info++++++++++++++++++++++++++++
[   16.944618] cloud-init[1067]: ci-info: +-------+-------------+----------+---------------+-----------+-------+
[   16.944658] cloud-init[1067]: ci-info: | Route | Destination | Gateway  |    Genmask    | Interface | Flags |
[   16.944698] cloud-init[1067]: ci-info: +-------+-------------+----------+---------------+-----------+-------+
[   16.944748] cloud-init[1067]: ci-info: |   0   |   0.0.0.0   | 10.0.2.2 |    0.0.0.0    |   enp0s3  |   UG  |
[   16.944958] cloud-init[1067]: ci-info: |   1   |   10.0.2.0  | 0.0.0.0  | 255.255.255.0 |   enp0s3  |   U   |
[   16.945004] cloud-init[1067]: ci-info: +-------+-------------+----------+---------------+-----------+-------+
[   16.945072] cloud-init[1067]: Generating public/private rsa key pair.
[   16.945115] cloud-init[1067]: Your identification has been saved in /etc/ssh/ssh_host_rsa_key.
[   16.945156] cloud-init[1067]: Your public key has been saved in /etc/ssh/ssh_host_rsa_key.pub.
[   16.945196] cloud-init[1067]: The key fingerprint is:
[   16.945236] cloud-init[1067]: SHA256:5kSHNLeVhxh8yxBXY9SGwKuolCcJ2vOsU91RVIZJXOs root@ubuntu-xenial
[   16.945280] cloud-init[1067]: The key's randomart image is:
[   16.945324] cloud-init[1067]: +---[RSA 2048]----+
[   16.945363] cloud-init[1067]: |        o.+O*@Oo |
[   16.945401] cloud-init[1067]: |       . +++Xoooo|
[   16.945449] cloud-init[1067]: |        o o= +.. |
[   16.945491] cloud-init[1067]: |    .  . .. +.   |
[   16.945532] cloud-init[1067]: |   o . +So o  E  |
[   16.945570] cloud-init[1067]: |  . o *++ o      |
[   16.945617] cloud-init[1067]: |     * +.        |
[   16.945657] cloud-init[1067]: |    . +          |
[   16.945696] cloud-init[1067]: |    .o           |
[   16.945733] cloud-init[1067]: +----[SHA256]-----+
[   16.945771] cloud-init[1067]: Generating public/private dsa key pair.
[   16.945807] cloud-init[1067]: Your identification has been saved in /etc/ssh/ssh_host_dsa_key.
[   16.945845] cloud-init[1067]: Your public key has been saved in /etc/ssh/ssh_host_dsa_key.pub.
[   16.945881] cloud-init[1067]: The key fingerprint is:
[   16.945918] cloud-init[1067]: SHA256:R1yvt8MFNCkLWJoR/Fs3KXjSA/R1PHDWpFW86SmyGbE root@ubuntu-xenial
[   16.945956] cloud-init[1067]: The key's randomart image is:
[   16.945994] cloud-init[1067]: +---[DSA 1024]----+
[   16.946032] cloud-init[1067]: |       .o=o ..=BB|
[   16.946068] cloud-init[1067]: |        o=oo.++*+|
[   16.946105] cloud-init[1067]: |        o.o=.o+.+|
[   16.946141] cloud-init[1067]: |         .+.B.++ |
[   16.946177] cloud-init[1067]: |        S .=++o.o|
[   16.946214] cloud-init[1067]: |         ..E + = |
[   16.946251] cloud-init[1067]: |            = =  |
[   16.946287] cloud-init[1067]: |           o   . |
[   16.946325] cloud-init[1067]: |                 |
[   16.946360] cloud-init[1067]: +----[SHA256]-----+
[   16.946399] cloud-init[1067]: Generating public/private ecdsa key pair.
[   16.946438] cloud-init[1067]: Your identification has been saved in /etc/ssh/ssh_host_ecdsa_key.
[   16.946474] cloud-init[1067]: Your public key has been saved in /etc/ssh/ssh_host_ecdsa_key.pub.
[   16.946510] cloud-init[1067]: The key fingerprint is:
[   16.946547] cloud-init[1067]: SHA256:sqXUOjWos9h14wsZkDNTUyfite20E0F4xK780od4cRE root@ubuntu-xenial
[   16.946710] cloud-init[1067]: The key's randomart image is:
[   16.946776] cloud-init[1067]: +---[ECDSA 256]---+
[   16.946816] ] Reached target Network is Online.
         Starting iSCSI initiator daemon (iscsid)...
[[0;32m  OK  [0m] Reached target Cloud-config availability.
[[0;32m  OK  [0m] Reached target System Initialization.
cloud-init[1067]: |      +.+==      |
[[0;32m  OK  [0m] Started Trigger resolvconf update for networkd DNS.
[   17.535670] cloud-init[1067]: |     + +.=o.E    |
[   17.580658] cloud-init[1067]: |    * . .o+  .   |
[[0;32m  OK  [0m] Started ACPI Events Check.
[[0;32m  OK  [0m] Reached target Paths.
[   17.614999] cloud-init[1067]: |     = o o.o.    |
[   17.684801] cloud-init[1067]: |      =.S.+  .   |
         Starting LXD - unix socket.
[   17.702738] cloud-init[1067]: |     o Xo....    |
[[0;32m  OK  [0m] Listening on D-Bus System Message Bus Socket.
[   17.734180] cloud-init[1067]: |    o O o+ +     |
[   17.792911] cloud-init[1067]: |   o + =o.= .    |
[[0;32m  OK  [0m] Started Daily apt activities.
[   17.812366] cloud-init[1067]: |  . o   o+ .     |
[[0;32m  OK  [0m] Listening on ACPID Listen Socket.
[   17.859752] cloud-init[1067]: +----[SHA256]-----+
[   17.908648] cloud-init[1067]: Generating public/private ed25519 key pair.
[[0;32m  OK  [0m] Listening on UUID daemon activation socket.
[   17.923412] cloud-init[1067]: Your identification has been saved in /etc/ssh/ssh_host_ed25519_key.
[[0;32m  OK  [0m] Started Daily Cleanup of Temporary Directories.
[[0;32m  OK  [0m] Started Timer to automatically refresh installed snaps.
[   18.059576] cloud-init[1067]: Your public key has been saved in /etc/ssh/ssh_host_ed25519_key.pub.
[[0;32m  OK  [0m] Reached target Timers.
[   18.179541] cloud-init[1067]: The key fingerprint is:
[   18.210628] cloud-init[1067]: SHA256:wRPXeCuhBiBW4RBDpd/7Q1t24tNIgOxQn8GiMXvV2A4 root@ubuntu-xenial
         Starting Socket activation for snappy daemon.
[   18.245393] cloud-init[1067]: The key's randomart image is:
[[   18.288451] cloud-init[1067]: +--[ED25519 256]--+
[   18.289102] cloud-init[1067]: | .B+=o ..+.o     |
[   18.289163] cloud-init[1067]: | . *o +.Eo= o    |
[   18.289272] cloud-init[1067]: |  . .B *+* o .   |
[   18.289457] cloud-init[1067]: |   .+.+ *oo .    |
[   18.289557] cloud-init[1067]: |    .+..S. .     |
[   18.289709] cloud-init[1067]: |      ... = .    |
[   18.289859] cloud-init[1067]: |      .. * =     |
[   18.289915] cloud-init[1067]: |       .o + .    |
[   18.290766] cloud-init[1067]: |        .. .     |
[   18.290868] cloud-init[1067]: +----[SHA256]-----+
[0;32m  OK  [0m] Listening on LXD - unix socket.
[[0;32m  OK  [0m] Listening on Socket activation for snappy daemon.
[[0;32m  OK  [0m] Started iSCSI initiator daemon (iscsid).
         Starting Login to default iSCSI targets...
[[0;32m  OK  [0m] Reached target Sockets.
[[0;32m  OK  [0m] Reached target Basic System.
         Starting Accounts Service...
[[0;32m  OK  [0m] Started Deferred execution scheduler.
         Starting LSB: MD monitoring daemon...
[[0;32m  OK  [0m] Started D-Bus System Message Bus.
         Starting Pollinate to seed the pseudo random number generator...
         Starting /etc/rc.local Compatibility...
[[0;32m  OK  [0m] Started ACPI event daemon.
         Starting Login Service...
[[0;32m  OK  [0m] Started FUSE filesystem for LXC.
[[0;32m  OK  [0m] Started Regular background program processing daemon.
[[0;32m  OK  [0m] Started Snappy daemon.
         Starting Auto import assertions from block devices...
         Starting LSB: Record successful boot for GRUB...
         Starting Apply the settings specified in cloud-config...
         Starting System Logging Service...
         Starting LXD - container startup/shutdown...
[[0;32m  OK  [0m] Started /etc/rc.local Compatibility.
[[0;32m  OK  [0m] Started Auto import assertions from block devices.
[[0;32m  OK  [0m] Started System Logging Service.
[[0;32m  OK  [0m] Started Login to default iSCSI targets.
[[0;32m  OK  [0m] Started LXD - container startup/shutdown.
[[0;32m  OK  [0m] Started LSB: MD monitoring daemon.
[[0;32m  OK  [0m] Started LSB: Record successful boot for GRUB.
         Starting Authenticate and Authorize Users to Run Privileged Tasks...
[[0;32m  OK  [0m] Reached target Remote File Systems (Pre).
[[0;32m  OK  [0m] Reached target Remote File Systems.
         Starting LSB: VirtualBox Linux Additions...
         Starting Permit User Sessions...
         Starting LSB: Set the CPU Frequency Scaling governor to "ondemand"...
         Starting LSB: automatic crash report generation...
         Starting LSB: daemon to balance interrupts for SMP systems...
[[0;32m  OK  [0m] Started Permit User Sessions.
[[0;32m  OK  [0m] Started Login Service.
[[0;32m  OK  [0m] Started Authenticate and Authorize Users to Run Privileged Tasks.
[[0;32m  OK  [0m] Started Accounts Service.
         Starting Terminate Plymouth Boot Screen...
         Starting Hold until boot process finishes up...
[[0;32m  OK  [0m] Started LSB: Set the CPU Frequency Scaling governor to "ondemand".
[[0;32m  OK  [0m] Started LSB: automatic crash report generation.
[[0;32m  OK  [0m] Started Terminate Plymouth Boot Screen.
[[0;32m  OK  [0m] Started Hold until boot process finishes up.
         Starting Set console scheme...
[[0;32m  OK  [0m] Started Serial Getty on ttyS0.
[[0;32m  OK  [0m] Started Getty on tty1.
[[0;32m  OK  [0m] Reached target Login Prompts.
[[0;32m  OK  [0m] Started LSB: daemon to balance interrupts for SMP systems.
[[0;32m  OK  [0m] Started Set console scheme.
[[0;32m  OK  [0m] Started LSB: VirtualBox Linux Additions.
[[0;32m  OK  [0m] Started Pollinate to seed the pseudo random number generator.
         Starting OpenBSD Secure Shell server...
[[0;32m  OK  [0m] Started OpenBSD Secure Shell server.
[[0;32m  OK  [0m] Reached target Multi-User System.
[[0;32m  OK  [0m] Reached target Graphical Interface.
         Starting Update UTMP about System Runlevel Changes...
[[0;32m  OK  [0m] Started Update UTMP about System Runlevel Changes.
[   21.289932] cloud-init[1246]: Generating locales (this might take a while)...
[   23.288337] cloud-init[1246]:   en_US.UTF-8... done
[   23.313627] cloud-init[1246]: Generation complete.
         Stopping OpenBSD Secure Shell server...
[[0;32m  OK  [0m] Stopped OpenBSD Secure Shell server.
         Starting OpenBSD Secure Shell server...
[[0;32m  OK  [0m] Started OpenBSD Secure Shell server.
[[0;32m  OK  [0m] Created slice User Slice of ubuntu.
         Starting User Manager for UID 1000...
[[0;32m  OK  [0m] Started Session 1 of user ubuntu.
[[0;32m  OK  [0m] Started User Manager for UID 1000.
[   24.464257] cloud-init[1246]: Cloud-init v. 0.7.9 running 'modules:config' at Wed, 08 Mar 2017 12:57:49 +0000. Up 21.00 seconds.
[[0;32m  OK  [0m] Started Apply the settings specified in cloud-config.
         Starting Execute cloud user/final scripts...
ci-info: no authorized ssh keys fingerprints found for user ubuntu.
<14>Mar  8 12:57:55 ec2: 
<14>Mar  8 12:57:55 ec2: #############################################################
<14>Mar  8 12:57:55 ec2: -----BEGIN SSH HOST KEY FINGERPRINTS-----
<14>Mar  8 12:57:55 ec2: 1024 SHA256:R1yvt8MFNCkLWJoR/Fs3KXjSA/R1PHDWpFW86SmyGbE root@ubuntu-xenial (DSA)
<14>Mar  8 12:57:55 ec2: 256 SHA256:sqXUOjWos9h14wsZkDNTUyfite20E0F4xK780od4cRE root@ubuntu-xenial (ECDSA)
<14>Mar  8 12:57:55 ec2: 256 SHA256:wRPXeCuhBiBW4RBDpd/7Q1t24tNIgOxQn8GiMXvV2A4 root@ubuntu-xenial (ED25519)
<14>Mar  8 12:57:55 ec2: 2048 SHA256:5kSHNLeVhxh8yxBXY9SGwKuolCcJ2vOsU91RVIZJXOs root@ubuntu-xenial (RSA)
<14>Mar  8 12:57:55 ec2: -----END SSH HOST KEY FINGERPRINTS-----
<14>Mar  8 12:57:55 ec2: #############################################################
-----BEGIN SSH HOST KEY KEYS-----
ecdsa-sha2-nistp256 AAAAE2VjZHNhLXNoYTItbmlzdHAyNTYAAAAIbmlzdHAyNTYAAABBBG5GF/CkkExNMQViLTeRJV3rg/W8kOq1Vgv1LZ5KiVCwyY9rRGy3FX6Ve9bP/tvV7xAzaLGIbGvphyBCm+2x+Nc= root@ubuntu-xenial
ssh-ed25519 AAAAC3NzaC1lZDI1NTE5AAAAIOfWfSkxKRMR9hm6MKUarPgUH2WNhhbbUcro7G1cRLpm root@ubuntu-xenial
ssh-rsa AAAAB3NzaC1yc2EAAAADAQABAAABAQCuW1YFZ98A7xjIn7i/tKTzpZsaaJB7UjlQHI6A17wWHnfPWOV2/5g4d/QhTITVk4HecuBrGFaxDdKgreIcfFouqI7nbLmB2xcSLNiEeEnMzhERxLsEn2e/RJEzTIxWhM3D0dn6NStf/wU5ZOdruw5ZeLtU/EDnVMK7LHeZMC/YR76qB7Bvb4KH8xlEeBhDm1IcVW+lWbhBxHbqiXnqbgmVio2McZqK4M6mfXMnvx7q+4Rz8QSXk28pGhLbUIWP0G9/FLAmTUm6BWccqoDgNxnT4OOi1daau+E6M6SrHi9Znloa5e3UXanZADFRNdNPTJ4PxAn8UVx6qGZd/SuKOzE5 root@ubuntu-xenial
-----END SSH HOST KEY KEYS-----
[   26.255960] cloud-init[1531]: Cloud-init v. 0.7.9 running 'modules:final' at Wed, 08 Mar 2017 12:57:54 +0000. Up 25.88 seconds.
[   26.256329] cloud-init[1531]: ci-info: no authorized ssh keys fingerprints found for user ubuntu.
[   26.256445] cloud-init[1531]: Cloud-init v. 0.7.9 finished at Wed, 08 Mar 2017 12:57:55 +0000. Datasource DataSourceNoCloud [seed=/dev/sdb][dsmode=net].  Up 26.22 seconds

Ubuntu 16.04.2 LTS ubuntu-xenial ttyS0

ubuntu-xenial login: 